#
# A fatal error has been detected by the Java Runtime Environment:
#
#  EXCEPTION_ACCESS_VIOLATION (0xc0000005) at pc=0x00007ff98e0026c4, pid=23820, tid=33776
#
# JRE version: Java(TM) SE Runtime Environment (24.0+36) (build 24+36-3646)
# Java VM: Java HotSpot(TM) 64-Bit Server VM (24+36-3646, mixed mode, sharing, tiered, compressed oops, compressed class ptrs, g1 gc, windows-amd64)
# Problematic frame:
# C  [libasyncProfiler.dll+0x926c4]
#
# No core dump will be written. Minidumps are not enabled by default on client versions of Windows
#
# JFR recording file will be written. Location: E:\java.text\PaperPlagiarismChecker\hs_err_pid23820.jfr
#
# If you would like to submit a bug report, please visit:
#   https://bugreport.java.com/bugreport/crash.jsp
# The crash happened outside the Java Virtual Machine in native code.
# See problematic frame for where to report the bug.
#

---------------  S U M M A R Y ------------

Command Line: -javaagent:E:\IntelliJ IDEA 2025.1.1.1\lib\idea_rt.jar=59933 -agentpath:C:\Users\yjy34\AppData\Local\Temp\idea_libasyncProfiler_dll_temp_folder\libasyncProfiler.dll=start,jfr,event=wall,interval=10ms,jfrsync=profile,cstack=no,file=C:\Users\yjy34\IdeaSnapshots\PaperPlagiarismChecker_2025_09_18_154231.jfr,dbghelppath=C:\Users\yjy34\AppData\Local\Temp\idea_dbghelp_dll_temp_folder\dbghelp.dll,log=C:\Users\yjy34\AppData\Local\Temp\PaperPlagiarismChecker_2025_09_18_154231.jfr.log.txt,logLevel=DEBUG -Dfile.encoding=UTF-8 -Dsun.stdout.encoding=UTF-8 -Dsun.stderr.encoding=UTF-8 PaperPlagiarismChecker

Host: AMD Ryzen 7 7840H  w/ Radeon 780M Graphics     , 16 cores, 15G,  Windows 11 , 64 bit Build 22621 (10.0.22621.5415)
Time: Thu Sep 18 15:42:32 2025  Windows 11 , 64 bit Build 22621 (10.0.22621.5415) elapsed time: 0.396154 seconds (0d 0h 0m 0s)

---------------  T H R E A D  ---------------

Current thread (0x0000021134d45980):  JavaThread "main"             [_thread_in_native, id=33776, stack(0x0000005068500000,0x0000005068600000) (1024K)]

Stack: [0x0000005068500000,0x0000005068600000],  sp=0x00000050685fe560,  free space=1017k
Native frames: (J=compiled Java code, j=interpreted, Vv=VM code, C=native code)
C  [libasyncProfiler.dll+0x926c4]  (no source info available)
C  [libasyncProfiler.dll+0x92b9b]  (no source info available)
C  [libasyncProfiler.dll+0x917f4]  (no source info available)
C  [libasyncProfiler.dll+0x9206a]  (no source info available)
C  [libasyncProfiler.dll+0x8cc21]  (no source info available)
C  [libasyncProfiler.dll+0x7e5e1]  (no source info available)
C  [libasyncProfiler.dll+0x7d2f8]  (no source info available)
C  [libasyncProfiler.dll+0x7d1e0]  (no source info available)
C  [libasyncProfiler.dll+0x832fc]  (no source info available)
V  [jvm.dll+0x5e3a5e]  (no source info available)
V  [jvm.dll+0x8861e6]  (no source info available)
V  [jvm.dll+0x49604e]  (no source info available)
V  [jvm.dll+0x497e21]  (no source info available)
C  [jli.dll+0x52a1]  (no source info available)
C  [ucrtbase.dll+0x29333]  (no source info available)
C  [KERNEL32.DLL+0x1259d]  (no source info available)
C  [ntdll.dll+0x5af78]  (no source info available)


siginfo: EXCEPTION_ACCESS_VIOLATION (0xc0000005), reading address 0xffffffffffffffff


Registers:
RAX=0x0000000000000010, RBX=0x0000000000000000, RCX=0xffffffffffffffff, RDX=0x007ff957dd2ff010
RSP=0x00000050685fe560, RBP=0x000002119b02b6d8, RSI=0x00000050685fe6d0, RDI=0x000002119b02b6d8
R8 =0x0000000000000042, R9 =0x000000071aa01ee8, R10=0x00007ff958049fc0, R11=0x0000000000000002
R12=0x00000050685fe6d0, R13=0x0000021133082410, R14=0x0000021134d45d48, R15=0x0000021134d45d48
RIP=0x00007ff98e0026c4, EFLAGS=0x0000000000010202

XMM[0]=0x0000000000000000 0x0000000000000000
XMM[1]=0x0000000000000000 0x0000000000000000
XMM[2]=0x0000000000000000 0x0000000000000000
XMM[3]=0x0000000000000000 0x0000000000000000
XMM[4]=0x0000000000000000 0x0000000000000000
XMM[5]=0x0000000000000000 0x0000000000000000
XMM[6]=0x0000000000000000 0x0000000000000000
XMM[7]=0x0000000000000000 0x0000000000000000
XMM[8]=0x0000000000000000 0x0000000000000000
XMM[9]=0x0000000000000000 0x0000000000000000
XMM[10]=0x0000000000000000 0x0000000000000000
XMM[11]=0x0000000000000000 0x0000000000000000
XMM[12]=0x0000000000000000 0x0000000000000000
XMM[13]=0x0000000000000000 0x0000000000000000
XMM[14]=0x0000000000000000 0x0000000000000000
XMM[15]=0x0000000000000000 0x0000000000000000
  MXCSR=0x00001fa0


Register to memory mapping:

RAX=0x0000000000000010 is an unknown value
RBX=0x0 is null
RCX=0xffffffffffffffff is an unknown value
RDX=0x007ff957dd2ff010 is an unknown value
RSP=0x00000050685fe560 is pointing into the stack for thread: 0x0000021134d45980
RBP=0x000002119b02b6d8 points into unknown readable memory: 0x000000071aa01ee8 | e8 1e a0 1a 07 00 00 00
RSI=0x00000050685fe6d0 is pointing into the stack for thread: 0x0000021134d45980
RDI=0x000002119b02b6d8 points into unknown readable memory: 0x000000071aa01ee8 | e8 1e a0 1a 07 00 00 00
R8 =0x0000000000000042 is an unknown value
R9 =0x000000071aa01ee8 is an oop: java.lang.Thread 
{0x000000071aa01ee8} - klass: 'java/lang/Thread' - flags: 

 - ---- fields (total size 14 words):
 - 'threadLocalRandomProbe' 'I' @12  0 (0x00000000)
 - private volatile 'eetop' 'J' @16  2272924031360 (0x0000021134d45980)
 - private final 'tid' 'J' @24  3 (0x0000000000000003)
 - 'threadLocalRandomSeed' 'J' @32  0 (0x0000000000000000)
 - injected 'jvmti_thread_state' 'J' @40  2272893772064 (0x000002113306a120)
 - 'threadLocalRandomSecondarySeed' 'I' @48  0 (0x00000000)
 - injected 'jvmti_VTMS_transition_disable_count' 'I' @52  0 (0x00000000)
 - injected 'jfr_epoch' 'S' @56  0 (0x0000)
 - volatile 'interrupted' 'Z' @58  false (0x00)
 - injected 'jvmti_is_in_VTMS_transition' 'Z' @59  false (0x00)
 - private volatile 'name' 'Ljava/lang/String;' @60  "main"{0x000000071aa01f58} (0xe35403eb)
 - private volatile 'contextClassLoader' 'Ljava/lang/ClassLoader;' @64  a 'jdk/internal/loader/ClassLoaders$AppClassLoader'{0x000000071aa32308} (0xe3546461)
 - private final 'holder' 'Ljava/lang/Thread$FieldHolder;' @68  a 'java/lang/Thread$FieldHolder'{0x000000071aa01f98} (0xe35403f3)
 - 'threadLocals' 'Ljava/lang/ThreadLocal$ThreadLocalMap;' @72  a 'java/lang/ThreadLocal$ThreadLocalMap'{0x000000071a96af78} (0xe352d5ef)
 - 'inheritableThreadLocals' 'Ljava/lang/ThreadLocal$ThreadLocalMap;' @76  null (0x00000000)
 - private 'scopedValueBindings' 'Ljava/lang/Object;' @80  a 'java/lang/Class'{0x00000007ffe7c880} = 'java/lang/Thread' (0xfffcf910)
 - final 'interruptLock' 'Ljava/lang/Object;' @84  a 'java/lang/Object'{0x000000071aa01f88} (0xe35403f1)
 - private volatile 'parkBlocker' 'Ljava/lang/Object;' @88  null (0x00000000)
 - private 'nioBlocker' 'Lsun/nio/ch/Interruptible;' @92  null (0x00000000)
 - private 'cont' 'Ljdk/internal/vm/Continuation;' @96  null (0x00000000)
 - private volatile 'uncaughtExceptionHandler' 'Ljava/lang/Thread$UncaughtExceptionHandler;' @100  null (0x00000000)
 - private 'container' 'Ljdk/internal/vm/ThreadContainer;' @104  null (0x00000000)
 - private volatile 'headStackableScopes' 'Ljdk/internal/vm/StackableScope;' @108  null (0x00000000)
R10=0x00007ff958049fc0 jvm.dll
R11=0x0000000000000002 is an unknown value
R12=0x00000050685fe6d0 is pointing into the stack for thread: 0x0000021134d45980
R13=0x0000021133082410 points into unknown readable memory: 0x00007ff957fba510 | 10 a5 fb 57 f9 7f 00 00
R14=0x0000021134d45d48 points into unknown readable memory: 0x00007ff957fb17b0 | b0 17 fb 57 f9 7f 00 00
R15=0x0000021134d45d48 points into unknown readable memory: 0x00007ff957fb17b0 | b0 17 fb 57 f9 7f 00 00

Top of Stack: (sp=0x00000050685fe560)
0x00000050685fe560:   00000050685fe6d0 000002119b02b6d8   .._hP...........
0x00000050685fe570:   0000000000000000 000002113530e990   ..........05....
0x00000050685fe580:   0000000000000022 00007ff98e002b9b   "........+......
0x00000050685fe590:   0000000000000000 0000021134d45d48   ........H].4....
0x00000050685fe5a0:   00000050685fe601 0000000000000000   .._hP...........
0x00000050685fe5b0:   000002119cb887b0 00007ff98e0017f4   ................
0x00000050685fe5c0:   0000000000000000 0000000000000022   ........".......
0x00000050685fe5d0:   0000000000000000 0000000000000022   ........".......
0x00000050685fe5e0:   000000099dd1c040 000002119c99bcf0   @...............
0x00000050685fe5f0:   000002119cb887b0 000002119cb88838   ........8.......
0x00000050685fe600:   000002119cb88858 00000050000072f4   X........r..P...
0x00000050685fe610:   0000000000000000 0000000000000000   ................
0x00000050685fe620:   0000000000000000 00007ff9578158e4   .........X.W....
0x00000050685fe630:   00007ff98e144ca0 0000000000005d0c   .L.......]......
0x00000050685fe640:   00007ff98e144ca0 00000000ffffffff   .L..............
0x00000050685fe650:   0000000000000000 00007ff98e00206a   ........j ......
0x00000050685fe660:   0000021134d45d48 0000000000000000   H].4............
0x00000050685fe670:   00000050685fe6d9 0000021133082410   .._hP....$.3....
0x00000050685fe680:   000002119dd1c040 0000000000000000   @...............
0x00000050685fe690:   0000000000000000 00007ff98e0ef108   ................
0x00000050685fe6a0:   0000021134d45d48 00007ff98e144ca0   H].4.....L......
0x00000050685fe6b0:   0000000000100000 0000000000001000   ................
0x00000050685fe6c0:   00000050685fe868 0000021134d45d48   h._hP...H].4....
0x00000050685fe6d0:   000002119cb8b700 000002119cb8bb40   ........@.......
0x00000050685fe6e0:   000002119cb8bb40 00007ff98e144ca0   @........L......
0x00000050685fe6f0:   000002119c9d51e0 0000021133050000   .Q.........3....
0x00000050685fe700:   00000050685fe9a0 0000000000008840   .._hP...@.......
0x00000050685fe710:   00007ff98e137080 00007ff98e144cf0   .p.......L......
0x00000050685fe720:   0000000000989680 0000000000989680   ................
0x00000050685fe730:   00000050685fe840 00007ff98dffcc21   @._hP...!.......
0x00000050685fe740:   00007ff98e144ca0 00007ff98e144cf8   .L.......L......
0x00000050685fe750:   00007ff900000000 00007ff900000001   ................

Instructions: (pc=0x00007ff98e0026c4)
  0x00007ff98e0025c4:   cc cc cc cc cc cc cc cc cc cc cc cc cc cc cc cc
  0x00007ff98e0025d4:   cc cc cc cc cc cc cc cc cc cc cc cc cc cc cc cc
  0x00007ff98e0025e4:   cc cc cc cc cc cc cc cc cc cc cc cc cc cc cc cc
  0x00007ff98e0025f4:   cc cc cc cc cc cc cc cc cc cc cc cc cc cc cc cc
  0x00007ff98e002604:   cc cc cc cc cc cc cc cc cc cc cc cc cc cc cc cc
  0x00007ff98e002614:   cc cc cc cc cc cc cc cc cc cc cc cc cc cc cc cc
  0x00007ff98e002624:   cc cc cc cc cc cc cc cc cc cc cc cc cc cc cc cc
  0x00007ff98e002634:   cc cc cc cc cc cc cc cc cc cc cc cc cc cc cc cc
  0x00007ff98e002644:   cc cc cc cc cc cc cc cc cc cc cc cc 40 57 48 83
  0x00007ff98e002654:   ec 20 48 8b f9 48 8b 0d 10 28 14 00 48 85 c9 74
  0x00007ff98e002664:   20 48 8b 01 48 8d 54 24 38 41 b8 06 00 01 00 4c
  0x00007ff98e002674:   8b 48 30 41 ff d1 85 c0 75 07 48 8b 4c 24 38 eb
  0x00007ff98e002684:   02 33 c9 4c 8b 05 ea 28 14 00 48 89 5c 24 30 4d
  0x00007ff98e002694:   85 c0 74 4a 48 8b 01 48 8b d7 4c 8b 88 28 03 00
  0x00007ff98e0026a4:   00 41 ff d1 48 85 c0 74 35 48 63 0d f8 e6 13 00
  0x00007ff98e0026b4:   48 8b 14 01 48 85 d2 74 15 48 63 05 fc e6 13 00
=>0x00007ff98e0026c4:   8b 04 10 48 8b 5c 24 30 48 83 c4 20 5f c3 b8 ff
  0x00007ff98e0026d4:   ff ff ff 48 8b 5c 24 30 48 83 c4 20 5f c3 80 3d
  0x00007ff98e0026e4:   9b 27 14 00 00 bb ff ff ff ff 74 20 4c 8b 0d 31
  0x00007ff98e0026f4:   24 14 00 4c 8d 44 24 38 48 8b 0d 15 24 14 00 48
  0x00007ff98e002704:   8b d7 41 ff d1 85 c0 0f 44 5c 24 38 8b c3 48 8b
  0x00007ff98e002714:   5c 24 30 48 83 c4 20 5f c3 cc cc cc cc cc cc cc
  0x00007ff98e002724:   cc cc cc cc cc cc cc cc cc cc cc cc cc cc cc cc
  0x00007ff98e002734:   cc cc cc cc cc cc cc cc cc cc cc cc cc cc cc cc
  0x00007ff98e002744:   cc cc cc cc cc cc cc cc cc cc cc cc 48 89 54 24
  0x00007ff98e002754:   10 53 55 56 57 41 56 41 57 48 83 ec 28 48 8b f2
  0x00007ff98e002764:   4c 8b f1 48 89 4c 24 78 45 33 ff 44 89 7c 24 68
  0x00007ff98e002774:   c7 44 24 60 01 00 00 00 48 8d 4c 24 68 e8 ed 42
  0x00007ff98e002784:   f7 ff 8b d8 48 8d 4c 24 60 e8 e1 42 f7 ff 8b e8
  0x00007ff98e002794:   49 8b ce e8 00 fc f6 ff 48 8b f8 90 8b c3 f0 0f
  0x00007ff98e0027a4:   b1 2f 74 04 f3 90 eb f4 4c 89 3e 4c 89 7e 08 4c
  0x00007ff98e0027b4:   89 7e 10 49 8b 6e 08 4d 8b 76 10 49 3b ee 0f 84


Stack slot to memory mapping:

stack at sp + 0 slots: 0x00000050685fe6d0 is pointing into the stack for thread: 0x0000021134d45980
stack at sp + 1 slots: 0x000002119b02b6d8 points into unknown readable memory: 0x000000071aa01ee8 | e8 1e a0 1a 07 00 00 00
stack at sp + 2 slots: 0x0 is null
stack at sp + 3 slots: 0x000002113530e990 points into unknown readable memory: 0x6e616c2e6176616a | 6a 61 76 61 2e 6c 61 6e
stack at sp + 4 slots: 0x0000000000000022 is an unknown value
stack at sp + 5 slots: 0x00007ff98e002b9b libasyncProfiler.dll
stack at sp + 6 slots: 0x0 is null
stack at sp + 7 slots: 0x0000021134d45d48 points into unknown readable memory: 0x00007ff957fb17b0 | b0 17 fb 57 f9 7f 00 00

Lock stack of current Java thread (top to bottom):


---------------  P R O C E S S  ---------------

Threads class SMR info:
_java_thread_list=0x000002119c949b60, length=25, elements={
0x0000021134d45980, 0x0000021155bbcc20, 0x0000021155bbd360, 0x0000021155bbeab0,
0x0000021155bbfc60, 0x0000021155bc0b00, 0x0000021155bc5730, 0x0000021155bd6930,
0x0000021155c031c0, 0x0000021155cebb10, 0x0000021155d0e020, 0x0000021155d0eb40,
0x0000021155d8bd20, 0x000002119b027710, 0x000002119b7fcf80, 0x000002119b5e54b0,
0x000002119c74a200, 0x000002119c7b0e10, 0x000002119c7988b0, 0x000002119ca33b30,
0x000002119cb7c660, 0x000002119cb7ee00, 0x000002119cbb7410, 0x000002119cb97c20,
0x000002119ca00990
}

Java Threads: ( => current thread )
=>0x0000021134d45980 JavaThread "main"                              [_thread_in_native, id=33776, stack(0x0000005068500000,0x0000005068600000) (1024K)]
  0x0000021155bbcc20 JavaThread "Reference Handler"          daemon [_thread_blocked, id=39664, stack(0x0000005068d00000,0x0000005068e00000) (1024K)]
  0x0000021155bbd360 JavaThread "Finalizer"                  daemon [_thread_blocked, id=25532, stack(0x0000005068e00000,0x0000005068f00000) (1024K)]
  0x0000021155bbeab0 JavaThread "Signal Dispatcher"          daemon [_thread_blocked, id=34932, stack(0x0000005068f00000,0x0000005069000000) (1024K)]
  0x0000021155bbfc60 JavaThread "Attach Listener"            daemon [_thread_blocked, id=23664, stack(0x0000005069000000,0x0000005069100000) (1024K)]
  0x0000021155bc0b00 JavaThread "Service Thread"             daemon [_thread_blocked, id=32556, stack(0x0000005069100000,0x0000005069200000) (1024K)]
  0x0000021155bc5730 JavaThread "Monitor Deflation Thread"   daemon [_thread_blocked, id=9308, stack(0x0000005069200000,0x0000005069300000) (1024K)]
  0x0000021155bd6930 JavaThread "C2 CompilerThread0"         daemon [_thread_blocked, id=10568, stack(0x0000005069300000,0x0000005069400000) (1024K)]
  0x0000021155c031c0 JavaThread "C1 CompilerThread0"         daemon [_thread_blocked, id=28972, stack(0x0000005069400000,0x0000005069500000) (1024K)]
  0x0000021155cebb10 JavaThread "Common-Cleaner"             daemon [_thread_blocked, id=20284, stack(0x0000005069500000,0x0000005069600000) (1024K)]
  0x0000021155d0e020 JavaThread "C1 CompilerThread1"         daemon [_thread_blocked, id=15564, stack(0x0000005069600000,0x0000005069700000) (1024K)]
  0x0000021155d0eb40 JavaThread "C1 CompilerThread2"         daemon [_thread_blocked, id=23520, stack(0x0000005069700000,0x0000005069800000) (1024K)]
  0x0000021155d8bd20 JavaThread "C2 CompilerThread1"         daemon [_thread_blocked, id=32008, stack(0x0000005069800000,0x0000005069900000) (1024K)]
  0x000002119b027710 JavaThread "Monitor Ctrl-Break"         daemon [_thread_in_native, id=20064, stack(0x0000005069900000,0x0000005069a00000) (1024K)]
  0x000002119b7fcf80 JavaThread "C1 CompilerThread3"         daemon [_thread_blocked, id=36596, stack(0x0000005069a00000,0x0000005069b00000) (1024K)]
  0x000002119b5e54b0 JavaThread "JFR Recorder Thread"        daemon [_thread_in_native, id=12304, stack(0x0000005069b00000,0x0000005069c00000) (1024K)]
  0x000002119c74a200 JavaThread "C2 CompilerThread2"         daemon [_thread_blocked, id=31944, stack(0x0000005069c00000,0x0000005069d00000) (1024K)]
  0x000002119c7b0e10 JavaThread "C2 CompilerThread3"         daemon [_thread_blocked, id=26244, stack(0x0000005069d00000,0x0000005069e00000) (1024K)]
  0x000002119c7988b0 JavaThread "C2 CompilerThread4"         daemon [_thread_blocked, id=31300, stack(0x0000005069e00000,0x0000005069f00000) (1024K)]
  0x000002119ca33b30 JavaThread "JFR Periodic Tasks"         daemon [_thread_blocked, id=21608, stack(0x0000005069f00000,0x000000506a000000) (1024K)]
  0x000002119cb7c660 JavaThread "C2 CompilerThread5"         daemon [_thread_in_vm, id=24392, stack(0x000000506a000000,0x000000506a100000) (1024K)]
  0x000002119cb7ee00 JavaThread "C2 CompilerThread6"         daemon [_thread_blocked, id=39356, stack(0x000000506a100000,0x000000506a200000) (1024K)]
  0x000002119cbb7410 JavaThread "C2 CompilerThread7"         daemon [_thread_blocked, id=29428, stack(0x000000506a200000,0x000000506a300000) (1024K)]
  0x000002119cb97c20 JavaThread "RMI TCP Accept-0"           daemon [_thread_in_native, id=23472, stack(0x000000506a300000,0x000000506a400000) (1024K)]
  0x000002119ca00990 JavaThread "RMI TCP Connection(idle)"   daemon [_thread_in_vm, id=10176, stack(0x000000506a400000,0x000000506a500000) (1024K)]
Total: 25

Other Threads:
  0x0000021134ed86d0 VMThread "VM Thread"                           [id=10016, stack(0x0000005068c00000,0x0000005068d00000) (1024K)]
  0x0000021134ecaf70 WatcherThread "VM Periodic Task Thread"        [id=34224, stack(0x0000005068b00000,0x0000005068c00000) (1024K)]
  0x0000021134dac3d0 WorkerThread "GC Thread#0"                     [id=35692, stack(0x0000005068600000,0x0000005068700000) (1024K)]
  0x0000021134dc0a10 ConcurrentGCThread "G1 Main Marker"            [id=30660, stack(0x0000005068700000,0x0000005068800000) (1024K)]
  0x0000021134dc1cc0 WorkerThread "G1 Conc#0"                       [id=35976, stack(0x0000005068800000,0x0000005068900000) (1024K)]
  0x0000021134e74580 ConcurrentGCThread "G1 Refine#0"               [id=32016, stack(0x0000005068900000,0x0000005068a00000) (1024K)]
  0x0000021134e75100 ConcurrentGCThread "G1 Service"                [id=5760, stack(0x0000005068a00000,0x0000005068b00000) (1024K)]
Total: 7

Threads with active compile tasks:
C2 CompilerThread2  475 1752       4       java.util.Arrays::copyOf (40 bytes)
Total: 1

VM state: not at safepoint (normal execution)

VM Mutex/Monitor currently owned by a thread: None

Heap address: 0x000000070b600000, size: 3914 MB, Compressed Oops mode: Zero based, Oop shift amount: 3

CDS archive(s) mapped at: [0x0000021156000000-0x0000021156d40000-0x0000021156d40000), size 13893632, SharedBaseAddress: 0x0000021156000000, ArchiveRelocationMode: 1.
Compressed class space mapped at: 0x0000021157000000-0x0000021197000000, reserved size: 1073741824
UseCompressedClassPointers 1, UseCompactObjectHeaders 0
Narrow klass pointer bits 32, Max shift 3
Narrow klass base: 0x0000021156000000, Narrow klass shift: 0
Encoding Range: [0x0000021156000000 - 0x0000021256000000), (4294967296 bytes)
Klass Range:    [0x0000021156000000 - 0x0000021197000000), (1090519040 bytes)
Klass ID Range:  [8 - 1090519033) (1090519025)

GC Precious Log:
 CardTable entry size: 512
 Card Set container configuration: InlinePtr #cards 4 size 8 Array Of Cards #cards 16 size 48 Howl #buckets 8 coarsen threshold 3686 Howl Bitmap #cards 512 size 80 coarsen threshold 460 Card regions per heap region 1 cards per card region 4096
 CPUs: 16 total, 16 available
 Memory: 15654M
 Large Page Support: Disabled
 NUMA Support: Disabled
 Compressed Oops: Enabled (Zero based)
 Heap Region Size: 2M
 Heap Min Capacity: 8M
 Heap Initial Capacity: 246M
 Heap Max Capacity: 3914M
 Pre-touch: Disabled
 Parallel Workers: 13
 Concurrent Workers: 3
 Concurrent Refinement Workers: 13
 Periodic GC: Disabled

Heap:
 garbage-first heap   total reserved 4007936K, committed 253952K, used 29812K [0x000000070b600000, 0x0000000800000000)
  region size 2048K, 15 young (30720K), 0 survivors (0K)
 Metaspace       used 7099K, committed 7360K, reserved 1114112K
  class space    used 640K, committed 768K, reserved 1048576K

Heap Regions: E=young(eden), S=young(survivor), O=old, HS=humongous(starts), HC=humongous(continues), CS=collection set, F=free, TAMS=top-at-mark-start, PB=parsable bottom
|   0|0x000000070b600000, 0x000000070b600000, 0x000000070b800000|  0%| F|  |TAMS 0x000000070b600000| PB 0x000000070b600000| Untracked |  0
|   1|0x000000070b800000, 0x000000070b800000, 0x000000070ba00000|  0%| F|  |TAMS 0x000000070b800000| PB 0x000000070b800000| Untracked |  0
|   2|0x000000070ba00000, 0x000000070ba00000, 0x000000070bc00000|  0%| F|  |TAMS 0x000000070ba00000| PB 0x000000070ba00000| Untracked |  0
|   3|0x000000070bc00000, 0x000000070bc00000, 0x000000070be00000|  0%| F|  |TAMS 0x000000070bc00000| PB 0x000000070bc00000| Untracked |  0
|   4|0x000000070be00000, 0x000000070be00000, 0x000000070c000000|  0%| F|  |TAMS 0x000000070be00000| PB 0x000000070be00000| Untracked |  0
|   5|0x000000070c000000, 0x000000070c000000, 0x000000070c200000|  0%| F|  |TAMS 0x000000070c000000| PB 0x000000070c000000| Untracked |  0
|   6|0x000000070c200000, 0x000000070c200000, 0x000000070c400000|  0%| F|  |TAMS 0x000000070c200000| PB 0x000000070c200000| Untracked |  0
|   7|0x000000070c400000, 0x000000070c400000, 0x000000070c600000|  0%| F|  |TAMS 0x000000070c400000| PB 0x000000070c400000| Untracked |  0
|   8|0x000000070c600000, 0x000000070c600000, 0x000000070c800000|  0%| F|  |TAMS 0x000000070c600000| PB 0x000000070c600000| Untracked |  0
|   9|0x000000070c800000, 0x000000070c800000, 0x000000070ca00000|  0%| F|  |TAMS 0x000000070c800000| PB 0x000000070c800000| Untracked |  0
|  10|0x000000070ca00000, 0x000000070ca00000, 0x000000070cc00000|  0%| F|  |TAMS 0x000000070ca00000| PB 0x000000070ca00000| Untracked |  0
|  11|0x000000070cc00000, 0x000000070cc00000, 0x000000070ce00000|  0%| F|  |TAMS 0x000000070cc00000| PB 0x000000070cc00000| Untracked |  0
|  12|0x000000070ce00000, 0x000000070ce00000, 0x000000070d000000|  0%| F|  |TAMS 0x000000070ce00000| PB 0x000000070ce00000| Untracked |  0
|  13|0x000000070d000000, 0x000000070d000000, 0x000000070d200000|  0%| F|  |TAMS 0x000000070d000000| PB 0x000000070d000000| Untracked |  0
|  14|0x000000070d200000, 0x000000070d200000, 0x000000070d400000|  0%| F|  |TAMS 0x000000070d200000| PB 0x000000070d200000| Untracked |  0
|  15|0x000000070d400000, 0x000000070d400000, 0x000000070d600000|  0%| F|  |TAMS 0x000000070d400000| PB 0x000000070d400000| Untracked |  0
|  16|0x000000070d600000, 0x000000070d600000, 0x000000070d800000|  0%| F|  |TAMS 0x000000070d600000| PB 0x000000070d600000| Untracked |  0
|  17|0x000000070d800000, 0x000000070d800000, 0x000000070da00000|  0%| F|  |TAMS 0x000000070d800000| PB 0x000000070d800000| Untracked |  0
|  18|0x000000070da00000, 0x000000070da00000, 0x000000070dc00000|  0%| F|  |TAMS 0x000000070da00000| PB 0x000000070da00000| Untracked |  0
|  19|0x000000070dc00000, 0x000000070dc00000, 0x000000070de00000|  0%| F|  |TAMS 0x000000070dc00000| PB 0x000000070dc00000| Untracked |  0
|  20|0x000000070de00000, 0x000000070de00000, 0x000000070e000000|  0%| F|  |TAMS 0x000000070de00000| PB 0x000000070de00000| Untracked |  0
|  21|0x000000070e000000, 0x000000070e000000, 0x000000070e200000|  0%| F|  |TAMS 0x000000070e000000| PB 0x000000070e000000| Untracked |  0
|  22|0x000000070e200000, 0x000000070e200000, 0x000000070e400000|  0%| F|  |TAMS 0x000000070e200000| PB 0x000000070e200000| Untracked |  0
|  23|0x000000070e400000, 0x000000070e400000, 0x000000070e600000|  0%| F|  |TAMS 0x000000070e400000| PB 0x000000070e400000| Untracked |  0
|  24|0x000000070e600000, 0x000000070e600000, 0x000000070e800000|  0%| F|  |TAMS 0x000000070e600000| PB 0x000000070e600000| Untracked |  0
|  25|0x000000070e800000, 0x000000070e800000, 0x000000070ea00000|  0%| F|  |TAMS 0x000000070e800000| PB 0x000000070e800000| Untracked |  0
|  26|0x000000070ea00000, 0x000000070ea00000, 0x000000070ec00000|  0%| F|  |TAMS 0x000000070ea00000| PB 0x000000070ea00000| Untracked |  0
|  27|0x000000070ec00000, 0x000000070ec00000, 0x000000070ee00000|  0%| F|  |TAMS 0x000000070ec00000| PB 0x000000070ec00000| Untracked |  0
|  28|0x000000070ee00000, 0x000000070ee00000, 0x000000070f000000|  0%| F|  |TAMS 0x000000070ee00000| PB 0x000000070ee00000| Untracked |  0
|  29|0x000000070f000000, 0x000000070f000000, 0x000000070f200000|  0%| F|  |TAMS 0x000000070f000000| PB 0x000000070f000000| Untracked |  0
|  30|0x000000070f200000, 0x000000070f200000, 0x000000070f400000|  0%| F|  |TAMS 0x000000070f200000| PB 0x000000070f200000| Untracked |  0
|  31|0x000000070f400000, 0x000000070f400000, 0x000000070f600000|  0%| F|  |TAMS 0x000000070f400000| PB 0x000000070f400000| Untracked |  0
|  32|0x000000070f600000, 0x000000070f600000, 0x000000070f800000|  0%| F|  |TAMS 0x000000070f600000| PB 0x000000070f600000| Untracked |  0
|  33|0x000000070f800000, 0x000000070f800000, 0x000000070fa00000|  0%| F|  |TAMS 0x000000070f800000| PB 0x000000070f800000| Untracked |  0
|  34|0x000000070fa00000, 0x000000070fa00000, 0x000000070fc00000|  0%| F|  |TAMS 0x000000070fa00000| PB 0x000000070fa00000| Untracked |  0
|  35|0x000000070fc00000, 0x000000070fc00000, 0x000000070fe00000|  0%| F|  |TAMS 0x000000070fc00000| PB 0x000000070fc00000| Untracked |  0
|  36|0x000000070fe00000, 0x000000070fe00000, 0x0000000710000000|  0%| F|  |TAMS 0x000000070fe00000| PB 0x000000070fe00000| Untracked |  0
|  37|0x0000000710000000, 0x0000000710000000, 0x0000000710200000|  0%| F|  |TAMS 0x0000000710000000| PB 0x0000000710000000| Untracked |  0
|  38|0x0000000710200000, 0x0000000710200000, 0x0000000710400000|  0%| F|  |TAMS 0x0000000710200000| PB 0x0000000710200000| Untracked |  0
|  39|0x0000000710400000, 0x0000000710400000, 0x0000000710600000|  0%| F|  |TAMS 0x0000000710400000| PB 0x0000000710400000| Untracked |  0
|  40|0x0000000710600000, 0x0000000710600000, 0x0000000710800000|  0%| F|  |TAMS 0x0000000710600000| PB 0x0000000710600000| Untracked |  0
|  41|0x0000000710800000, 0x0000000710800000, 0x0000000710a00000|  0%| F|  |TAMS 0x0000000710800000| PB 0x0000000710800000| Untracked |  0
|  42|0x0000000710a00000, 0x0000000710a00000, 0x0000000710c00000|  0%| F|  |TAMS 0x0000000710a00000| PB 0x0000000710a00000| Untracked |  0
|  43|0x0000000710c00000, 0x0000000710c00000, 0x0000000710e00000|  0%| F|  |TAMS 0x0000000710c00000| PB 0x0000000710c00000| Untracked |  0
|  44|0x0000000710e00000, 0x0000000710e00000, 0x0000000711000000|  0%| F|  |TAMS 0x0000000710e00000| PB 0x0000000710e00000| Untracked |  0
|  45|0x0000000711000000, 0x0000000711000000, 0x0000000711200000|  0%| F|  |TAMS 0x0000000711000000| PB 0x0000000711000000| Untracked |  0
|  46|0x0000000711200000, 0x0000000711200000, 0x0000000711400000|  0%| F|  |TAMS 0x0000000711200000| PB 0x0000000711200000| Untracked |  0
|  47|0x0000000711400000, 0x0000000711400000, 0x0000000711600000|  0%| F|  |TAMS 0x0000000711400000| PB 0x0000000711400000| Untracked |  0
|  48|0x0000000711600000, 0x0000000711600000, 0x0000000711800000|  0%| F|  |TAMS 0x0000000711600000| PB 0x0000000711600000| Untracked |  0
|  49|0x0000000711800000, 0x0000000711800000, 0x0000000711a00000|  0%| F|  |TAMS 0x0000000711800000| PB 0x0000000711800000| Untracked |  0
|  50|0x0000000711a00000, 0x0000000711a00000, 0x0000000711c00000|  0%| F|  |TAMS 0x0000000711a00000| PB 0x0000000711a00000| Untracked |  0
|  51|0x0000000711c00000, 0x0000000711c00000, 0x0000000711e00000|  0%| F|  |TAMS 0x0000000711c00000| PB 0x0000000711c00000| Untracked |  0
|  52|0x0000000711e00000, 0x0000000711e00000, 0x0000000712000000|  0%| F|  |TAMS 0x0000000711e00000| PB 0x0000000711e00000| Untracked |  0
|  53|0x0000000712000000, 0x0000000712000000, 0x0000000712200000|  0%| F|  |TAMS 0x0000000712000000| PB 0x0000000712000000| Untracked |  0
|  54|0x0000000712200000, 0x0000000712200000, 0x0000000712400000|  0%| F|  |TAMS 0x0000000712200000| PB 0x0000000712200000| Untracked |  0
|  55|0x0000000712400000, 0x0000000712400000, 0x0000000712600000|  0%| F|  |TAMS 0x0000000712400000| PB 0x0000000712400000| Untracked |  0
|  56|0x0000000712600000, 0x0000000712600000, 0x0000000712800000|  0%| F|  |TAMS 0x0000000712600000| PB 0x0000000712600000| Untracked |  0
|  57|0x0000000712800000, 0x0000000712800000, 0x0000000712a00000|  0%| F|  |TAMS 0x0000000712800000| PB 0x0000000712800000| Untracked |  0
|  58|0x0000000712a00000, 0x0000000712a00000, 0x0000000712c00000|  0%| F|  |TAMS 0x0000000712a00000| PB 0x0000000712a00000| Untracked |  0
|  59|0x0000000712c00000, 0x0000000712c00000, 0x0000000712e00000|  0%| F|  |TAMS 0x0000000712c00000| PB 0x0000000712c00000| Untracked |  0
|  60|0x0000000712e00000, 0x0000000712e00000, 0x0000000713000000|  0%| F|  |TAMS 0x0000000712e00000| PB 0x0000000712e00000| Untracked |  0
|  61|0x0000000713000000, 0x0000000713000000, 0x0000000713200000|  0%| F|  |TAMS 0x0000000713000000| PB 0x0000000713000000| Untracked |  0
|  62|0x0000000713200000, 0x0000000713200000, 0x0000000713400000|  0%| F|  |TAMS 0x0000000713200000| PB 0x0000000713200000| Untracked |  0
|  63|0x0000000713400000, 0x0000000713400000, 0x0000000713600000|  0%| F|  |TAMS 0x0000000713400000| PB 0x0000000713400000| Untracked |  0
|  64|0x0000000713600000, 0x0000000713600000, 0x0000000713800000|  0%| F|  |TAMS 0x0000000713600000| PB 0x0000000713600000| Untracked |  0
|  65|0x0000000713800000, 0x0000000713800000, 0x0000000713a00000|  0%| F|  |TAMS 0x0000000713800000| PB 0x0000000713800000| Untracked |  0
|  66|0x0000000713a00000, 0x0000000713a00000, 0x0000000713c00000|  0%| F|  |TAMS 0x0000000713a00000| PB 0x0000000713a00000| Untracked |  0
|  67|0x0000000713c00000, 0x0000000713c00000, 0x0000000713e00000|  0%| F|  |TAMS 0x0000000713c00000| PB 0x0000000713c00000| Untracked |  0
|  68|0x0000000713e00000, 0x0000000713e00000, 0x0000000714000000|  0%| F|  |TAMS 0x0000000713e00000| PB 0x0000000713e00000| Untracked |  0
|  69|0x0000000714000000, 0x0000000714000000, 0x0000000714200000|  0%| F|  |TAMS 0x0000000714000000| PB 0x0000000714000000| Untracked |  0
|  70|0x0000000714200000, 0x0000000714200000, 0x0000000714400000|  0%| F|  |TAMS 0x0000000714200000| PB 0x0000000714200000| Untracked |  0
|  71|0x0000000714400000, 0x0000000714400000, 0x0000000714600000|  0%| F|  |TAMS 0x0000000714400000| PB 0x0000000714400000| Untracked |  0
|  72|0x0000000714600000, 0x0000000714600000, 0x0000000714800000|  0%| F|  |TAMS 0x0000000714600000| PB 0x0000000714600000| Untracked |  0
|  73|0x0000000714800000, 0x0000000714800000, 0x0000000714a00000|  0%| F|  |TAMS 0x0000000714800000| PB 0x0000000714800000| Untracked |  0
|  74|0x0000000714a00000, 0x0000000714a00000, 0x0000000714c00000|  0%| F|  |TAMS 0x0000000714a00000| PB 0x0000000714a00000| Untracked |  0
|  75|0x0000000714c00000, 0x0000000714c00000, 0x0000000714e00000|  0%| F|  |TAMS 0x0000000714c00000| PB 0x0000000714c00000| Untracked |  0
|  76|0x0000000714e00000, 0x0000000714e00000, 0x0000000715000000|  0%| F|  |TAMS 0x0000000714e00000| PB 0x0000000714e00000| Untracked |  0
|  77|0x0000000715000000, 0x0000000715000000, 0x0000000715200000|  0%| F|  |TAMS 0x0000000715000000| PB 0x0000000715000000| Untracked |  0
|  78|0x0000000715200000, 0x0000000715200000, 0x0000000715400000|  0%| F|  |TAMS 0x0000000715200000| PB 0x0000000715200000| Untracked |  0
|  79|0x0000000715400000, 0x0000000715400000, 0x0000000715600000|  0%| F|  |TAMS 0x0000000715400000| PB 0x0000000715400000| Untracked |  0
|  80|0x0000000715600000, 0x0000000715600000, 0x0000000715800000|  0%| F|  |TAMS 0x0000000715600000| PB 0x0000000715600000| Untracked |  0
|  81|0x0000000715800000, 0x0000000715800000, 0x0000000715a00000|  0%| F|  |TAMS 0x0000000715800000| PB 0x0000000715800000| Untracked |  0
|  82|0x0000000715a00000, 0x0000000715a00000, 0x0000000715c00000|  0%| F|  |TAMS 0x0000000715a00000| PB 0x0000000715a00000| Untracked |  0
|  83|0x0000000715c00000, 0x0000000715c00000, 0x0000000715e00000|  0%| F|  |TAMS 0x0000000715c00000| PB 0x0000000715c00000| Untracked |  0
|  84|0x0000000715e00000, 0x0000000715e00000, 0x0000000716000000|  0%| F|  |TAMS 0x0000000715e00000| PB 0x0000000715e00000| Untracked |  0
|  85|0x0000000716000000, 0x0000000716000000, 0x0000000716200000|  0%| F|  |TAMS 0x0000000716000000| PB 0x0000000716000000| Untracked |  0
|  86|0x0000000716200000, 0x0000000716200000, 0x0000000716400000|  0%| F|  |TAMS 0x0000000716200000| PB 0x0000000716200000| Untracked |  0
|  87|0x0000000716400000, 0x0000000716400000, 0x0000000716600000|  0%| F|  |TAMS 0x0000000716400000| PB 0x0000000716400000| Untracked |  0
|  88|0x0000000716600000, 0x0000000716600000, 0x0000000716800000|  0%| F|  |TAMS 0x0000000716600000| PB 0x0000000716600000| Untracked |  0
|  89|0x0000000716800000, 0x0000000716800000, 0x0000000716a00000|  0%| F|  |TAMS 0x0000000716800000| PB 0x0000000716800000| Untracked |  0
|  90|0x0000000716a00000, 0x0000000716a00000, 0x0000000716c00000|  0%| F|  |TAMS 0x0000000716a00000| PB 0x0000000716a00000| Untracked |  0
|  91|0x0000000716c00000, 0x0000000716c00000, 0x0000000716e00000|  0%| F|  |TAMS 0x0000000716c00000| PB 0x0000000716c00000| Untracked |  0
|  92|0x0000000716e00000, 0x0000000716e00000, 0x0000000717000000|  0%| F|  |TAMS 0x0000000716e00000| PB 0x0000000716e00000| Untracked |  0
|  93|0x0000000717000000, 0x0000000717000000, 0x0000000717200000|  0%| F|  |TAMS 0x0000000717000000| PB 0x0000000717000000| Untracked |  0
|  94|0x0000000717200000, 0x0000000717200000, 0x0000000717400000|  0%| F|  |TAMS 0x0000000717200000| PB 0x0000000717200000| Untracked |  0
|  95|0x0000000717400000, 0x0000000717400000, 0x0000000717600000|  0%| F|  |TAMS 0x0000000717400000| PB 0x0000000717400000| Untracked |  0
|  96|0x0000000717600000, 0x0000000717600000, 0x0000000717800000|  0%| F|  |TAMS 0x0000000717600000| PB 0x0000000717600000| Untracked |  0
|  97|0x0000000717800000, 0x0000000717800000, 0x0000000717a00000|  0%| F|  |TAMS 0x0000000717800000| PB 0x0000000717800000| Untracked |  0
|  98|0x0000000717a00000, 0x0000000717a00000, 0x0000000717c00000|  0%| F|  |TAMS 0x0000000717a00000| PB 0x0000000717a00000| Untracked |  0
|  99|0x0000000717c00000, 0x0000000717c00000, 0x0000000717e00000|  0%| F|  |TAMS 0x0000000717c00000| PB 0x0000000717c00000| Untracked |  0
| 100|0x0000000717e00000, 0x0000000717e00000, 0x0000000718000000|  0%| F|  |TAMS 0x0000000717e00000| PB 0x0000000717e00000| Untracked |  0
| 101|0x0000000718000000, 0x0000000718000000, 0x0000000718200000|  0%| F|  |TAMS 0x0000000718000000| PB 0x0000000718000000| Untracked |  0
| 102|0x0000000718200000, 0x0000000718200000, 0x0000000718400000|  0%| F|  |TAMS 0x0000000718200000| PB 0x0000000718200000| Untracked |  0
| 103|0x0000000718400000, 0x0000000718400000, 0x0000000718600000|  0%| F|  |TAMS 0x0000000718400000| PB 0x0000000718400000| Untracked |  0
| 104|0x0000000718600000, 0x0000000718600000, 0x0000000718800000|  0%| F|  |TAMS 0x0000000718600000| PB 0x0000000718600000| Untracked |  0
| 105|0x0000000718800000, 0x0000000718800000, 0x0000000718a00000|  0%| F|  |TAMS 0x0000000718800000| PB 0x0000000718800000| Untracked |  0
| 106|0x0000000718a00000, 0x0000000718a00000, 0x0000000718c00000|  0%| F|  |TAMS 0x0000000718a00000| PB 0x0000000718a00000| Untracked |  0
| 107|0x0000000718c00000, 0x0000000718c00000, 0x0000000718e00000|  0%| F|  |TAMS 0x0000000718c00000| PB 0x0000000718c00000| Untracked |  0
| 108|0x0000000718e00000, 0x0000000718ef5c68, 0x0000000719000000| 48%| E|  |TAMS 0x0000000718e00000| PB 0x0000000718e00000| Complete |  0
| 109|0x0000000719000000, 0x0000000719200000, 0x0000000719200000|100%| E|CS|TAMS 0x0000000719000000| PB 0x0000000719000000| Complete |  0
| 110|0x0000000719200000, 0x0000000719400000, 0x0000000719400000|100%| E|CS|TAMS 0x0000000719200000| PB 0x0000000719200000| Complete |  0
| 111|0x0000000719400000, 0x0000000719600000, 0x0000000719600000|100%| E|CS|TAMS 0x0000000719400000| PB 0x0000000719400000| Complete |  0
| 112|0x0000000719600000, 0x0000000719800000, 0x0000000719800000|100%| E|CS|TAMS 0x0000000719600000| PB 0x0000000719600000| Complete |  0
| 113|0x0000000719800000, 0x0000000719a00000, 0x0000000719a00000|100%| E|CS|TAMS 0x0000000719800000| PB 0x0000000719800000| Complete |  0
| 114|0x0000000719a00000, 0x0000000719c00000, 0x0000000719c00000|100%| E|CS|TAMS 0x0000000719a00000| PB 0x0000000719a00000| Complete |  0
| 115|0x0000000719c00000, 0x0000000719e00000, 0x0000000719e00000|100%| E|CS|TAMS 0x0000000719c00000| PB 0x0000000719c00000| Complete |  0
| 116|0x0000000719e00000, 0x000000071a000000, 0x000000071a000000|100%| E|CS|TAMS 0x0000000719e00000| PB 0x0000000719e00000| Complete |  0
| 117|0x000000071a000000, 0x000000071a200000, 0x000000071a200000|100%| E|CS|TAMS 0x000000071a000000| PB 0x000000071a000000| Complete |  0
| 118|0x000000071a200000, 0x000000071a400000, 0x000000071a400000|100%| E|CS|TAMS 0x000000071a200000| PB 0x000000071a200000| Complete |  0
| 119|0x000000071a400000, 0x000000071a600000, 0x000000071a600000|100%| E|CS|TAMS 0x000000071a400000| PB 0x000000071a400000| Complete |  0
| 120|0x000000071a600000, 0x000000071a800000, 0x000000071a800000|100%| E|CS|TAMS 0x000000071a600000| PB 0x000000071a600000| Complete |  0
| 121|0x000000071a800000, 0x000000071aa00000, 0x000000071aa00000|100%| E|CS|TAMS 0x000000071a800000| PB 0x000000071a800000| Complete |  0
| 122|0x000000071aa00000, 0x000000071ac00000, 0x000000071ac00000|100%| E|CS|TAMS 0x000000071aa00000| PB 0x000000071aa00000| Complete |  0
|1956|0x00000007ffe00000, 0x00000007fff1d3c0, 0x0000000800000000| 55%| O|  |TAMS 0x00000007ffe00000| PB 0x00000007ffe00000| Untracked |  0

Card table byte_map: [0x000002114e760000,0x000002114ef10000] _byte_map_base: 0x000002114af05000

Marking Bits: (CMBitMap*) 0x0000021134dacae0
 Bits: [0x000002114ef10000, 0x0000021152c38000)

Polling page: 0x00000211331d0000

Metaspace:

Usage:
  Non-class:      6.35 MB used.
      Class:    647.28 KB used.
       Both:      6.98 MB used.

Virtual space:
  Non-class space:       64.00 MB reserved,       6.44 MB ( 10%) committed,  1 nodes.
      Class space:        1.00 GB reserved,     768.00 KB ( <1%) committed,  1 nodes.
             Both:        1.06 GB reserved,       7.19 MB ( <1%) committed. 

Chunk freelists:
   Non-Class:  8.99 MB
       Class:  15.24 MB
        Both:  24.23 MB

MaxMetaspaceSize: unlimited
CompressedClassSpaceSize: 1.00 GB
Initial GC threshold: 21.00 MB
Current GC threshold: 21.00 MB
CDS: on
 - commit_granule_bytes: 65536.
 - commit_granule_words: 8192.
 - virtual_space_node_default_size: 8388608.
 - enlarge_chunks_in_place: 1.
UseCompressedClassPointers 1, UseCompactObjectHeaders 0
Narrow klass pointer bits 32, Max shift 3
Narrow klass base: 0x0000021156000000, Narrow klass shift: 0
Encoding Range: [0x0000021156000000 - 0x0000021256000000), (4294967296 bytes)
Klass Range:    [0x0000021156000000 - 0x0000021197000000), (1090519040 bytes)
Klass ID Range:  [8 - 1090519033) (1090519025)


Internal statistics:

num_allocs_failed_limit: 0.
num_arena_births: 108.
num_arena_deaths: 0.
num_vsnodes_births: 2.
num_vsnodes_deaths: 0.
num_space_committed: 115.
num_space_uncommitted: 0.
num_chunks_returned_to_freelist: 0.
num_chunks_taken_from_freelist: 143.
num_chunk_merges: 0.
num_chunk_splits: 84.
num_chunks_enlarged: 35.
num_inconsistent_stats: 0.

CodeHeap 'non-profiled nmethods': size=119232Kb used=544Kb max_used=544Kb free=118687Kb
 bounds [0x0000021145e80000, 0x00000211460f0000, 0x000002114d2f0000]
CodeHeap 'profiled nmethods': size=119104Kb used=2544Kb max_used=2544Kb free=116559Kb
 bounds [0x000002113e2f0000, 0x000002113e570000, 0x0000021145740000]
CodeHeap 'non-nmethods': size=7424Kb used=3125Kb max_used=3162Kb free=4298Kb
 bounds [0x0000021145740000, 0x0000021145a60000, 0x0000021145e80000]
CodeCache: size=245760Kb, used=6213Kb, max_used=6250Kb, free=239544Kb
 total_blobs=2248, nmethods=1757, adapters=393, full_count=0
Compilation: enabled, stopped_count=0, restarted_count=0

Compilation events (20 events):
Event: 0.386 Thread 0x000002119b7fcf80 1638       1       jdk.internal.classfile.impl.AnnotationImpl::className (5 bytes)
Event: 0.386 Thread 0x0000021155d0e020 nmethod 1637 0x0000021145efd808 code [0x0000021145efd900, 0x0000021145efd9c8]
Event: 0.386 Thread 0x000002119b7fcf80 nmethod 1638 0x0000021145efdb08 code [0x0000021145efdc00, 0x0000021145efdcc8]
Event: 0.387 Thread 0x000002119cb7ee00 nmethod 1630 0x0000021145efde08 code [0x0000021145efdf40, 0x0000021145efe5a8]
Event: 0.387 Thread 0x0000021155d0eb40 1639       1       sun.invoke.util.Wrapper::basicClassDescriptor (5 bytes)
Event: 0.387 Thread 0x0000021155d0eb40 nmethod 1639 0x0000021145efe608 code [0x0000021145efe700, 0x0000021145efe7c8]
Event: 0.387 Thread 0x0000021155d0e020 1640       3       java.lang.invoke.DirectMethodHandle::preparedLambdaForm (244 bytes)
Event: 0.387 Thread 0x000002119cbb7410 nmethod 1629 0x0000021145efe908 code [0x0000021145efea40, 0x0000021145eff0d0]
Event: 0.388 Thread 0x0000021155d0e020 nmethod 1640 0x000002113e537888 code [0x000002113e537ac0, 0x000002113e538c00]
Event: 0.389 Thread 0x000002119cb7c660 nmethod 1633 0x0000021145eff188 code [0x0000021145eff2e0, 0x0000021145effb00]
Event: 0.390 Thread 0x0000021155d8bd20 nmethod 1632 0x0000021145effb88 code [0x0000021145effce0, 0x0000021145f00538]
Event: 0.391 Thread 0x000002119b7fcf80 1641       3       java.lang.invoke.VarHandleByteArrayAsInts$ArrayHandle::get (36 bytes)
Event: 0.391 Thread 0x0000021155d0e020 1642       3       java.lang.invoke.VarHandleByteArrayAsInts$ArrayHandle::index (12 bytes)
Event: 0.391 Thread 0x0000021155d0eb40 1643       3       java.lang.Integer::rotateLeft (9 bytes)
Event: 0.391 Thread 0x0000021155d0e020 nmethod 1642 0x000002113e538c88 code [0x000002113e538da0, 0x000002113e538ee0]
Event: 0.391 Thread 0x0000021155d0eb40 nmethod 1643 0x000002113e538f88 code [0x000002113e5390a0, 0x000002113e539198]
Event: 0.391 Thread 0x000002119b7fcf80 nmethod 1641 0x000002113e539288 code [0x000002113e5393c0, 0x000002113e539858]
Event: 0.391 Thread 0x000002119cb7c660 1644       4       java.lang.Integer::rotateLeft (9 bytes)
Event: 0.391 Thread 0x000002119cb7c660 nmethod 1644 0x0000021145f00608 code [0x0000021145f00700, 0x0000021145f00770]
Event: 0.392 Thread 0x000002119cb7ee00 1645       4       java.lang.invoke.VarHandleGuards::guard_LI_I (78 bytes)

GC Heap History (0 events):
No events

Dll operation events (11 events):
Event: 0.016 Loaded shared library E:\jdk\bin\java.dll
Event: 0.040 Loaded shared library E:\jdk\bin\jsvml.dll
Event: 0.062 Loaded shared library E:\jdk\bin\zip.dll
Event: 0.066 Loaded shared library E:\jdk\bin\instrument.dll
Event: 0.069 Loaded shared library E:\jdk\bin\net.dll
Event: 0.070 Loaded shared library E:\jdk\bin\nio.dll
Event: 0.073 Loaded shared library E:\jdk\bin\zip.dll
Event: 0.087 Loaded shared library E:\jdk\bin\extnet.dll
Event: 0.143 Loaded shared library E:\jdk\bin\jimage.dll
Event: 0.181 Loaded shared library E:\jdk\bin\management.dll
Event: 0.196 Loaded shared library E:\jdk\bin\management_ext.dll

Deoptimization events (20 events):
Event: 0.356 Thread 0x0000021155bbfc60 Uncommon trap: trap_request=0xffffffde fr.pc=0x0000021145ef0b9c relative=0x000000000000007c
Event: 0.356 Thread 0x0000021155bbfc60 Uncommon trap: reason=class_check action=maybe_recompile pc=0x0000021145ef0b9c method=java.util.Collections$UnmodifiableCollection$1.hasNext()Z @ 4 c2
Event: 0.356 Thread 0x0000021155bbfc60 DEOPT PACKING pc=0x0000021145ef0b9c sp=0x00000050690fe2f0
Event: 0.356 Thread 0x0000021155bbfc60 DEOPT UNPACKING pc=0x0000021145867682 sp=0x00000050690fe290 mode 2
Event: 0.356 Thread 0x0000021155bbfc60 Uncommon trap: trap_request=0xffffffde fr.pc=0x0000021145ef0b9c relative=0x000000000000007c
Event: 0.356 Thread 0x0000021155bbfc60 Uncommon trap: reason=class_check action=maybe_recompile pc=0x0000021145ef0b9c method=java.util.Collections$UnmodifiableCollection$1.hasNext()Z @ 4 c2
Event: 0.356 Thread 0x0000021155bbfc60 DEOPT PACKING pc=0x0000021145ef0b9c sp=0x00000050690fe2f0
Event: 0.356 Thread 0x0000021155bbfc60 DEOPT UNPACKING pc=0x0000021145867682 sp=0x00000050690fe290 mode 2
Event: 0.356 Thread 0x0000021155bbfc60 Uncommon trap: trap_request=0xffffffde fr.pc=0x0000021145ef0b9c relative=0x000000000000007c
Event: 0.356 Thread 0x0000021155bbfc60 Uncommon trap: reason=class_check action=maybe_recompile pc=0x0000021145ef0b9c method=java.util.Collections$UnmodifiableCollection$1.hasNext()Z @ 4 c2
Event: 0.356 Thread 0x0000021155bbfc60 DEOPT PACKING pc=0x0000021145ef0b9c sp=0x00000050690fe2f0
Event: 0.356 Thread 0x0000021155bbfc60 DEOPT UNPACKING pc=0x0000021145867682 sp=0x00000050690fe290 mode 2
Event: 0.356 Thread 0x0000021155bbfc60 Uncommon trap: trap_request=0xffffffde fr.pc=0x0000021145ef0b9c relative=0x000000000000007c
Event: 0.356 Thread 0x0000021155bbfc60 Uncommon trap: reason=class_check action=maybe_recompile pc=0x0000021145ef0b9c method=java.util.Collections$UnmodifiableCollection$1.hasNext()Z @ 4 c2
Event: 0.356 Thread 0x0000021155bbfc60 DEOPT PACKING pc=0x0000021145ef0b9c sp=0x00000050690fe2f0
Event: 0.356 Thread 0x0000021155bbfc60 DEOPT UNPACKING pc=0x0000021145867682 sp=0x00000050690fe290 mode 2
Event: 0.359 Thread 0x0000021155bbfc60 Uncommon trap: trap_request=0xffffff4d fr.pc=0x0000021145eee228 relative=0x0000000000000288
Event: 0.359 Thread 0x0000021155bbfc60 Uncommon trap: reason=unstable_if action=reinterpret pc=0x0000021145eee228 method=java.lang.String.startsWith(Ljava/lang/String;I)Z @ 1 c2
Event: 0.359 Thread 0x0000021155bbfc60 DEOPT PACKING pc=0x0000021145eee228 sp=0x00000050690fe860
Event: 0.359 Thread 0x0000021155bbfc60 DEOPT UNPACKING pc=0x0000021145867682 sp=0x00000050690fe828 mode 2

Classes loaded (20 events):
Event: 0.390 Loading class java/security/MessageDigestSpi done
Event: 0.390 Loading class java/security/MessageDigest done
Event: 0.390 Loading class sun/security/jca/GetInstance
Event: 0.390 Loading class sun/security/jca/GetInstance done
Event: 0.390 Loading class sun/security/provider/SHA
Event: 0.390 Loading class sun/security/provider/DigestBase
Event: 0.390 Loading class sun/security/provider/DigestBase done
Event: 0.390 Loading class sun/security/provider/SHA done
Event: 0.390 Loading class sun/security/jca/GetInstance$Instance
Event: 0.390 Loading class sun/security/jca/GetInstance$Instance done
Event: 0.390 Loading class java/security/MessageDigest$Delegate
Event: 0.390 Loading class sun/security/util/MessageDigestSpi2
Event: 0.390 Loading class sun/security/util/MessageDigestSpi2 done
Event: 0.390 Loading class java/security/MessageDigest$Delegate done
Event: 0.390 Loading class java/security/MessageDigest$Delegate$CloneableDelegate
Event: 0.390 Loading class java/security/MessageDigest$Delegate$CloneableDelegate done
Event: 0.391 Loading class sun/security/provider/ByteArrayAccess
Event: 0.391 Loading class sun/security/provider/ByteArrayAccess done
Event: 0.391 Loading class sun/security/provider/ByteArrayAccess$BE
Event: 0.391 Loading class sun/security/provider/ByteArrayAccess$BE done

Classes unloaded (0 events):
No events

Classes redefined (0 events):
No events

Internal exceptions (20 events):
Event: 0.083 Thread 0x0000021134d45980 Exception <a 'java/lang/NoSuchMethodError'{0x000000071a9b94b8}: 'java.lang.Object java.lang.invoke.DirectMethodHandle$Holder.invokeStaticInit(java.lang.Object, java.lang.Object, java.lang.Object)'> (0x000000071a9b94b8) 
thrown [s\open\src\hotspot\share\interpreter\linkResolver.cpp, line 805]
Event: 0.085 Thread 0x000002119b027710 Exception <a 'java/lang/NoSuchMethodError'{0x000000071a9f11f0}: 'java.lang.Object java.lang.invoke.DirectMethodHandle$Holder.invokeStaticInit(java.lang.Object)'> (0x000000071a9f11f0) 
thrown [s\open\src\hotspot\share\interpreter\linkResolver.cpp, line 805]
Event: 0.088 Thread 0x000002119b027710 Exception <a 'java/lang/NoSuchMethodError'{0x000000071a9fc0b0}: 'void java.lang.invoke.DirectMethodHandle$Holder.invokeStatic(java.lang.Object, java.lang.Object)'> (0x000000071a9fc0b0) 
thrown [s\open\src\hotspot\share\interpreter\linkResolver.cpp, line 805]
Event: 0.128 Thread 0x0000021134d45980 Exception <a 'java/lang/NoSuchMethodError'{0x000000071a486b10}: 'void java.lang.invoke.DirectMethodHandle$Holder.invokeStaticInit(java.lang.Object)'> (0x000000071a486b10) 
thrown [s\open\src\hotspot\share\interpreter\linkResolver.cpp, line 805]
Event: 0.140 Thread 0x0000021134d45980 Exception <a 'java/lang/NoSuchMethodError'{0x000000071a4f8160}: 'void java.lang.invoke.DirectMethodHandle$Holder.invokeSpecial(java.lang.Object, java.lang.Object, java.lang.Object)'> (0x000000071a4f8160) 
thrown [s\open\src\hotspot\share\interpreter\linkResolver.cpp, line 805]
Event: 0.151 Thread 0x0000021134d45980 Exception <a 'java/lang/NoSuchMethodError'{0x000000071a55f900}: 'java.lang.Object java.lang.invoke.DirectMethodHandle$Holder.newInvokeSpecial(java.lang.Object, java.lang.Object, java.lang.Object, java.lang.Object, java.lang.Object)'> (0x000000071a55f900) 
thrown [s\open\src\hotspot\share\interpreter\linkResolver.cpp, line 805]
Event: 0.154 Thread 0x0000021155bbfc60 Exception <a 'java/lang/NoSuchMethodError'{0x000000071a250440}: 'java.lang.Object java.lang.invoke.DirectMethodHandle$Holder.invokeStaticInit(java.lang.Object, int)'> (0x000000071a250440) 
thrown [s\open\src\hotspot\share\interpreter\linkResolver.cpp, line 805]
Event: 0.182 Thread 0x0000021134d45980 Exception <a 'java/lang/NoSuchMethodError'{0x000000071a011a28}: 'long java.lang.invoke.DirectMethodHandle$Holder.invokeVirtual(java.lang.Object, java.lang.Object)'> (0x000000071a011a28) 
thrown [s\open\src\hotspot\share\interpreter\linkResolver.cpp, line 805]
Event: 0.207 Thread 0x0000021155bbfc60 Exception <a 'java/lang/NoSuchMethodError'{0x000000071a2e8bd8}: 'int java.lang.invoke.DirectMethodHandle$Holder.invokeInterface(java.lang.Object, java.lang.Object)'> (0x000000071a2e8bd8) 
thrown [s\open\src\hotspot\share\interpreter\linkResolver.cpp, line 805]
Event: 0.208 Thread 0x0000021155bbfc60 Exception <a 'java/lang/IncompatibleClassChangeError'{0x000000071a2f0858}: Found class java.lang.Object, but interface was expected> (0x000000071a2f0858) 
thrown [s\open\src\hotspot\share\interpreter\linkResolver.cpp, line 872]
Event: 0.232 Thread 0x0000021134d45980 Exception <a 'java/lang/NoSuchMethodError'{0x0000000719c56750}: 'int java.lang.invoke.DirectMethodHandle$Holder.invokeSpecial(java.lang.Object, java.lang.Object, java.lang.Object)'> (0x0000000719c56750) 
thrown [s\open\src\hotspot\share\interpreter\linkResolver.cpp, line 805]
Event: 0.275 Thread 0x0000021134d45980 Exception <a 'java/lang/NoSuchMethodError'{0x0000000719b21848}: 'void java.lang.invoke.DirectMethodHandle$Holder.invokeSpecial(java.lang.Object, java.lang.Object, int)'> (0x0000000719b21848) 
thrown [s\open\src\hotspot\share\interpreter\linkResolver.cpp, line 805]
Event: 0.276 Thread 0x0000021134d45980 Exception <a 'java/lang/NoSuchMethodError'{0x0000000719b29468}: 'void java.lang.invoke.Invokers$Holder.invokeExact_MT(java.lang.Object, int, java.lang.Object)'> (0x0000000719b29468) 
thrown [s\open\src\hotspot\share\interpreter\linkResolver.cpp, line 805]
Event: 0.278 Thread 0x0000021134d45980 Exception <a 'java/lang/NoSuchMethodError'{0x0000000719b43d98}: 'void java.lang.invoke.DirectMethodHandle$Holder.invokeStatic(java.lang.Object, java.lang.Object, int)'> (0x0000000719b43d98) 
thrown [s\open\src\hotspot\share\interpreter\linkResolver.cpp, line 805]
Event: 0.278 Thread 0x0000021134d45980 Exception <a 'java/lang/NoSuchMethodError'{0x0000000719b52e88}: 'java.lang.Object java.lang.invoke.DirectMethodHandle$Holder.newInvokeSpecial(java.lang.Object, java.lang.Object, int)'> (0x0000000719b52e88) 
thrown [s\open\src\hotspot\share\interpreter\linkResolver.cpp, line 805]
Event: 0.280 Thread 0x000002119ca33b30 Exception <a 'java/lang/NoSuchMethodError'{0x0000000719becbc0}: 'long java.lang.invoke.DirectMethodHandle$Holder.invokeSpecial(java.lang.Object, java.lang.Object)'> (0x0000000719becbc0) 
thrown [s\open\src\hotspot\share\interpreter\linkResolver.cpp, line 805]
Event: 0.290 Thread 0x0000021134d45980 Exception <a 'sun/nio/fs/WindowsException'{0x0000000719b873a0}> (0x0000000719b873a0) 
thrown [s\open\src\hotspot\share\prims\jni.cpp, line 518]
Event: 0.292 Thread 0x0000021134d45980 Exception <a 'sun/nio/fs/WindowsException'{0x0000000719b941b8}> (0x0000000719b941b8) 
thrown [s\open\src\hotspot\share\prims\jni.cpp, line 518]
Event: 0.295 Thread 0x0000021134d45980 Exception <a 'sun/nio/fs/WindowsException'{0x0000000719ba6020}> (0x0000000719ba6020) 
thrown [s\open\src\hotspot\share\prims\jni.cpp, line 518]
Event: 0.386 Thread 0x0000021155bbfc60 Exception <a 'java/lang/NoSuchMethodError'{0x0000000719397f10}: 'java.lang.Object java.lang.invoke.DirectMethodHandle$Holder.invokeStaticInit(java.lang.Object, int, int, int, int)'> (0x0000000719397f10) 
thrown [s\open\src\hotspot\share\interpreter\linkResolver.cpp, line 805]

VM Operations (14 events):
Event: 0.054 Executing VM operation: HandshakeAllThreads (Deoptimize)
Event: 0.054 Executing VM operation: HandshakeAllThreads (Deoptimize) done
Event: 0.280 Executing VM operation: HandshakeAllThreads (Deoptimize)
Event: 0.280 Executing VM operation: HandshakeAllThreads (Deoptimize) done
Event: 0.288 Executing VM operation: HandshakeAllThreads (Deoptimize)
Event: 0.288 Executing VM operation: HandshakeAllThreads (Deoptimize) done
Event: 0.290 Executing VM operation: HandshakeAllThreads (Deoptimize)
Event: 0.290 Executing VM operation: HandshakeAllThreads (Deoptimize) done
Event: 0.291 Executing VM operation: HandshakeAllThreads (Deoptimize)
Event: 0.291 Executing VM operation: HandshakeAllThreads (Deoptimize) done
Event: 0.319 Executing VM operation: JFRSafepointClear
Event: 0.320 Executing VM operation: JFRSafepointClear done
Event: 0.364 Executing VM operation: HandshakeAllThreads (Deoptimize)
Event: 0.365 Executing VM operation: HandshakeAllThreads (Deoptimize) done

Memory protections (0 events):
No events

Nmethod flushes (0 events):
No events

Events (20 events):
Event: 0.039 Thread 0x0000021134d45980 Thread added: 0x0000021155bbeab0
Event: 0.039 Thread 0x0000021134d45980 Thread added: 0x0000021155bbfc60
Event: 0.039 Thread 0x0000021134d45980 Thread added: 0x0000021155bc0b00
Event: 0.039 Thread 0x0000021134d45980 Thread added: 0x0000021155bc5730
Event: 0.039 Thread 0x0000021134d45980 Thread added: 0x0000021155bd6930
Event: 0.039 Thread 0x0000021134d45980 Thread added: 0x0000021155c031c0
Event: 0.050 Thread 0x0000021134d45980 Thread added: 0x0000021155cebb10
Event: 0.054 Thread 0x0000021155c031c0 Thread added: 0x0000021155d0e020
Event: 0.054 Thread 0x0000021155c031c0 Thread added: 0x0000021155d0eb40
Event: 0.058 Thread 0x0000021155c031c0 Thread added: 0x0000021155d8bd20
Event: 0.079 Thread 0x0000021134d45980 Thread added: 0x000002119b027710
Event: 0.104 Thread 0x0000021155d0eb40 Thread added: 0x000002119b7fcf80
Event: 0.126 Thread 0x0000021134d45980 Thread added: 0x000002119b5e54b0
Event: 0.159 Thread 0x0000021155d0eb40 Thread added: 0x000002119c74a200
Event: 0.181 Thread 0x0000021155c031c0 Thread added: 0x000002119c7b0e10
Event: 0.191 Thread 0x000002119c7b0e10 Thread added: 0x000002119c7988b0
Event: 0.279 Thread 0x0000021134d45980 Thread added: 0x000002119ca33b30
Event: 0.307 Thread 0x0000021155d0eb40 Thread added: 0x000002119cb7c660
Event: 0.307 Thread 0x0000021155d0eb40 Thread added: 0x000002119cb7ee00
Event: 0.308 Thread 0x0000021155d0e020 Thread added: 0x000002119cbb7410


Dynamic libraries:
0x00007ff7e2dd0000 - 0x00007ff7e2de0000 	E:\jdk\bin\java.exe
0x00007ff9e6d10000 - 0x00007ff9e6f27000 	C:\windows\SYSTEM32\ntdll.dll
0x00007ff9e57f0000 - 0x00007ff9e58b4000 	C:\windows\System32\KERNEL32.DLL
0x00007ff9e3e30000 - 0x00007ff9e4202000 	C:\windows\System32\KERNELBASE.dll
0x00007ff9e44c0000 - 0x00007ff9e45d1000 	C:\windows\System32\ucrtbase.dll
0x00007ff9df920000 - 0x00007ff9df93b000 	E:\jdk\bin\VCRUNTIME140.dll
0x00007ff9deb20000 - 0x00007ff9deb36000 	E:\jdk\bin\jli.dll
0x00007ff9e5f00000 - 0x00007ff9e60b1000 	C:\windows\System32\USER32.dll
0x00007ff9e3e00000 - 0x00007ff9e3e26000 	C:\windows\System32\win32u.dll
0x00007ff9d2af0000 - 0x00007ff9d2d8b000 	C:\windows\WinSxS\amd64_microsoft.windows.common-controls_6595b64144ccf1df_6.0.22621.5697_none_27154c497380d676\COMCTL32.dll
0x00007ff9e53e0000 - 0x00007ff9e5409000 	C:\windows\System32\GDI32.dll
0x00007ff9e5e50000 - 0x00007ff9e5ef7000 	C:\windows\System32\msvcrt.dll
0x00007ff9e47f0000 - 0x00007ff9e4913000 	C:\windows\System32\gdi32full.dll
0x00007ff9e45e0000 - 0x00007ff9e467a000 	C:\windows\System32\msvcp_win.dll
0x00007ff9e5570000 - 0x00007ff9e55a1000 	C:\windows\System32\IMM32.DLL
0x00007ff9e0610000 - 0x00007ff9e061c000 	E:\jdk\bin\vcruntime140_1.dll
0x00007ff9c7f80000 - 0x00007ff9c800e000 	E:\jdk\bin\msvcp140.dll
0x00007ff957380000 - 0x00007ff958122000 	E:\jdk\bin\server\jvm.dll
0x00007ff9e6220000 - 0x00007ff9e62d1000 	C:\windows\System32\ADVAPI32.dll
0x00007ff9e5410000 - 0x00007ff9e54b8000 	C:\windows\System32\sechost.dll
0x00007ff9e4290000 - 0x00007ff9e42b8000 	C:\windows\System32\bcrypt.dll
0x00007ff9e49a0000 - 0x00007ff9e4ab7000 	C:\windows\System32\RPCRT4.dll
0x00007ff9e6c50000 - 0x00007ff9e6cc1000 	C:\windows\System32\WS2_32.dll
0x00007ff9e2bf0000 - 0x00007ff9e2c3d000 	C:\windows\SYSTEM32\POWRPROF.dll
0x00007ff9df820000 - 0x00007ff9df854000 	C:\windows\SYSTEM32\WINMM.dll
0x00007ff9dd350000 - 0x00007ff9dd35a000 	C:\windows\SYSTEM32\VERSION.dll
0x00007ff9e2bd0000 - 0x00007ff9e2be3000 	C:\windows\SYSTEM32\UMPDC.dll
0x00007ff9e2e30000 - 0x00007ff9e2e48000 	C:\windows\SYSTEM32\kernel.appcore.dll
0x00007ff9df910000 - 0x00007ff9df91a000 	E:\jdk\bin\jimage.dll
0x00007ff9dbbe0000 - 0x00007ff9dbe13000 	C:\windows\SYSTEM32\DBGHELP.DLL
0x00007ff9e62e0000 - 0x00007ff9e6672000 	C:\windows\System32\combase.dll
0x00007ff9e6b00000 - 0x00007ff9e6bd8000 	C:\windows\System32\OLEAUT32.dll
0x00007ff9db070000 - 0x00007ff9db0a2000 	C:\windows\SYSTEM32\dbgcore.DLL
0x00007ff9e4920000 - 0x00007ff9e499b000 	C:\windows\System32\bcryptPrimitives.dll
0x00007ff9cf9b0000 - 0x00007ff9cf9bf000 	E:\jdk\bin\instrument.dll
0x00007ff9d0490000 - 0x00007ff9d04ae000 	E:\jdk\bin\java.dll
0x00007ff9e5ba0000 - 0x00007ff9e5d40000 	C:\windows\System32\ole32.dll
0x00007ff9e4b30000 - 0x00007ff9e53d1000 	C:\windows\System32\SHELL32.dll
0x00007ff9e4380000 - 0x00007ff9e44bf000 	C:\windows\System32\wintypes.dll
0x00007ff98df70000 - 0x00007ff98e168000 	C:\Users\yjy34\AppData\Local\Temp\idea_libasyncProfiler_dll_temp_folder\libasyncProfiler.dll
0x00007ff9e1ca0000 - 0x00007ff9e25ba000 	C:\windows\SYSTEM32\windows.storage.dll
0x00007ff9e5d40000 - 0x00007ff9e5e4b000 	C:\windows\System32\SHCORE.dll
0x00007ff9e6be0000 - 0x00007ff9e6c49000 	C:\windows\System32\shlwapi.dll
0x00007ff9e3d30000 - 0x00007ff9e3d5b000 	C:\windows\SYSTEM32\profapi.dll
0x00007ff9b6b80000 - 0x00007ff9b6c57000 	E:\jdk\bin\jsvml.dll
0x00007ff9cfa40000 - 0x00007ff9cfa57000 	E:\jdk\bin\zip.dll
0x00007ff9d4fe0000 - 0x00007ff9d4ff0000 	E:\jdk\bin\net.dll
0x00007ff9e3350000 - 0x00007ff9e33b9000 	C:\windows\system32\mswsock.dll
0x00007ff9cfa60000 - 0x00007ff9cfa76000 	E:\jdk\bin\nio.dll
0x00007ff9d0540000 - 0x00007ff9d0549000 	E:\jdk\bin\extnet.dll
0x00007ff9e2840000 - 0x00007ff9e2938000 	C:\windows\SYSTEM32\DNSAPI.dll
0x00007ff9e2810000 - 0x00007ff9e283d000 	C:\windows\SYSTEM32\IPHLPAPI.DLL
0x00007ff9e54c0000 - 0x00007ff9e54c9000 	C:\windows\System32\NSI.dll
0x00007ff9df5a0000 - 0x00007ff9df5aa000 	C:\Windows\System32\rasadhlp.dll
0x00007ff9df710000 - 0x00007ff9df794000 	C:\windows\System32\fwpuclnt.dll
0x00007ff9d0480000 - 0x00007ff9d048a000 	E:\jdk\bin\management.dll
0x00007ff9cfa30000 - 0x00007ff9cfa3b000 	E:\jdk\bin\management_ext.dll
0x00007ff9e58c0000 - 0x00007ff9e58c8000 	C:\windows\System32\PSAPI.DLL
0x00007ff9e35f0000 - 0x00007ff9e360b000 	C:\windows\SYSTEM32\CRYPTSP.dll
0x00007ff9e2df0000 - 0x00007ff9e2e27000 	C:\windows\system32\rsaenh.dll
0x00007ff9e3400000 - 0x00007ff9e3428000 	C:\windows\SYSTEM32\USERENV.dll
0x00007ff9e3560000 - 0x00007ff9e356c000 	C:\windows\SYSTEM32\CRYPTBASE.dll
0x00007ff9b0b60000 - 0x00007ff9b0b77000 	C:\windows\system32\napinsp.dll
0x00007ff9b0b80000 - 0x00007ff9b0b9b000 	C:\windows\system32\pnrpnsp.dll
0x00007ff9b0bc0000 - 0x00007ff9b0bd1000 	C:\windows\System32\winrnr.dll
0x00007ff9b0ba0000 - 0x00007ff9b0bbf000 	C:\windows\system32\wshbth.dll
0x00007ff9b0be0000 - 0x00007ff9b0c01000 	C:\windows\system32\nlansp_c.dll

dbghelp: loaded successfully - version: 4.0.5 - missing functions: none
symbol engine: initialized successfully - sym options: 0x614 - pdb path: .;E:\jdk\bin;C:\windows\SYSTEM32;C:\windows\WinSxS\amd64_microsoft.windows.common-controls_6595b64144ccf1df_6.0.22621.5697_none_27154c497380d676;E:\jdk\bin\server;C:\Users\yjy34\AppData\Local\Temp\idea_libasyncProfiler_dll_temp_folder

VM Arguments:
jvm_args: -javaagent:E:\IntelliJ IDEA 2025.1.1.1\lib\idea_rt.jar=59933 -agentpath:C:\Users\yjy34\AppData\Local\Temp\idea_libasyncProfiler_dll_temp_folder\libasyncProfiler.dll=start,jfr,event=wall,interval=10ms,jfrsync=profile,cstack=no,file=C:\Users\yjy34\IdeaSnapshots\PaperPlagiarismChecker_2025_09_18_154231.jfr,dbghelppath=C:\Users\yjy34\AppData\Local\Temp\idea_dbghelp_dll_temp_folder\dbghelp.dll,log=C:\Users\yjy34\AppData\Local\Temp\PaperPlagiarismChecker_2025_09_18_154231.jfr.log.txt,logLevel=DEBUG -Dfile.encoding=UTF-8 -Dsun.stdout.encoding=UTF-8 -Dsun.stderr.encoding=UTF-8 
java_command: PaperPlagiarismChecker
java_class_path (initial): E:\java.text\PaperPlagiarismChecker\out\production\PaperPlagiarismChecker
Launcher Type: SUN_STANDARD

[Global flags]
     intx CICompilerCount                          = 12                                        {product} {ergonomic}
     uint ConcGCThreads                            = 3                                         {product} {ergonomic}
     bool FlightRecorder                           = true                                      {product} {management}
     uint G1ConcRefinementThreads                  = 13                                        {product} {ergonomic}
   size_t G1HeapRegionSize                         = 2097152                                   {product} {ergonomic}
   size_t InitialHeapSize                          = 257949696                                 {product} {ergonomic}
   size_t MarkStackSize                            = 4194304                                   {product} {ergonomic}
   size_t MarkStackSizeMax                         = 536870912                                 {product} {ergonomic}
   size_t MaxHeapSize                              = 4104126464                                {product} {ergonomic}
   size_t MaxNewSize                               = 2462056448                                {product} {ergonomic}
   size_t MinHeapDeltaBytes                        = 2097152                                   {product} {ergonomic}
   size_t MinHeapSize                              = 8388608                                   {product} {ergonomic}
    uintx NonNMethodCodeHeapSize                   = 7602176                                {pd product} {ergonomic}
    uintx NonProfiledCodeHeapSize                  = 122093568                              {pd product} {ergonomic}
    uintx ProfiledCodeHeapSize                     = 121962496                              {pd product} {ergonomic}
    uintx ReservedCodeCacheSize                    = 251658240                              {pd product} {ergonomic}
     bool SegmentedCodeCache                       = true                                      {product} {ergonomic}
   size_t SoftMaxHeapSize                          = 4104126464                             {manageable} {ergonomic}
     bool UseCompressedOops                        = true                           {product lp64_product} {ergonomic}
     bool UseG1GC                                  = true                                      {product} {ergonomic}
     bool UseLargePagesIndividualAllocation        = false                                  {pd product} {ergonomic}

Logging:
Log output configuration:
 #0: stdout all=warning uptime,level,tags foldmultilines=false
 #1: stderr all=off uptime,level,tags foldmultilines=false

Environment Variables:
JAVA_HOME=E:\jdk\bin
PATH=C:\Program Files\Common Files\Oracle\Java\javapath;C:\Program Files (x86)\Common Files\Oracle\Java\javapath;C:\windows\system32;C:\windows;C:\windows\System32\Wbem;C:\windows\System32\WindowsPowerShell\v1.0\;C:\windows\System32\OpenSSH\;C:\Program Files (x86)\NVIDIA Corporation\PhysX\Common;C:\Program Files\NVIDIA Corporation\NVIDIA NvDLISR;C:\Users\Administrator\AppData\Local\Microsoft\WindowsApps;C:\Windows;C:\Windows\System32;C:\Windows\System32\WindowsPowerShell\v1.0\;C:\Program Files\HP\OMEN-Broadcast\Common;C:\Program Files\Microsoft SQL Server\150\Tools\Binn\;C:\Program Files\Microsoft SQL Server\Client SDK\ODBC\170\Tools\Binn\;C:\Program Files\dotnet\;C:\Program Files (x86)\Windows Kits\10\Windows Performance Toolkit\;E:\jdk\bin;E:\xftp\;C:\Users\yjy34\AppData\Local\Microsoft\WindowsApps;C:\Users\yjy34\.dotnet\tools;C:\Users\yjy34\AppData\Local\Programs\Microsoft VS Code\bin;E:\Quartus_Prime\modelsim_ase\win32aloem;E:\java\IntelliJ IDEA 2024.3.5\bin;;E:\jdk\bin;
USERNAME=yjy34
OS=Windows_NT
PROCESSOR_IDENTIFIER=AMD64 Family 25 Model 116 Stepping 1, AuthenticAMD
TMP=C:\Users\yjy34\AppData\Local\Temp
TEMP=C:\Users\yjy34\AppData\Local\Temp




Periodic native trim disabled

---------------  S Y S T E M  ---------------

OS:
 Windows 11 , 64 bit Build 22621 (10.0.22621.5415)
OS uptime: 2 days 0:51 hours
Hyper-V role detected

CPU: total 16 (initial active 16) (16 cores per cpu, 2 threads per core) family 25 model 116 stepping 1 microcode 0x0, cx8, cmov, fxsr, ht, mmx, 3dnowpref, sse, sse2, sse3, ssse3, sse4a, sse4.1, sse4.2, popcnt, lzcnt, tsc, tscinvbit, avx, avx2, aes, erms, clmul, bmi1, bmi2, adx, avx512f, avx512dq, avx512cd, avx512bw, avx512vl, sha, fma, vzeroupper, avx512_vpopcntdq, avx512_vpclmulqdq, avx512_vaes, avx512_vnni, clflush, clflushopt, avx512_vbmi2, avx512_vbmi, hv, rdtscp, rdpid, fsrm, gfni, avx512_bitalg, f16c, cet_ss, avx512_ifma
Processor Information for processor 0
  Max Mhz: 3801, Current Mhz: 2516, Mhz Limit: 3801
Processor Information for processor 1
  Max Mhz: 3801, Current Mhz: 2516, Mhz Limit: 3801
Processor Information for processor 2
  Max Mhz: 3801, Current Mhz: 3801, Mhz Limit: 3801
Processor Information for processor 3
  Max Mhz: 3801, Current Mhz: 3801, Mhz Limit: 3801
Processor Information for processor 4
  Max Mhz: 3801, Current Mhz: 2516, Mhz Limit: 3801
Processor Information for processor 5
  Max Mhz: 3801, Current Mhz: 2516, Mhz Limit: 3801
Processor Information for processor 6
  Max Mhz: 3801, Current Mhz: 3801, Mhz Limit: 3801
Processor Information for processor 7
  Max Mhz: 3801, Current Mhz: 2516, Mhz Limit: 3801
Processor Information for processor 8
  Max Mhz: 3801, Current Mhz: 2516, Mhz Limit: 3801
Processor Information for processor 9
  Max Mhz: 3801, Current Mhz: 3801, Mhz Limit: 3801
Processor Information for processor 10
  Max Mhz: 3801, Current Mhz: 3801, Mhz Limit: 3801
Processor Information for processor 11
  Max Mhz: 3801, Current Mhz: 3801, Mhz Limit: 3801
Processor Information for processor 12
  Max Mhz: 3801, Current Mhz: 3801, Mhz Limit: 3801
Processor Information for processor 13
  Max Mhz: 3801, Current Mhz: 3801, Mhz Limit: 3801
Processor Information for processor 14
  Max Mhz: 3801, Current Mhz: 3801, Mhz Limit: 3801
Processor Information for processor 15
  Max Mhz: 3801, Current Mhz: 3801, Mhz Limit: 3801

Memory: 4k page, system-wide physical 15654M (3333M free)
TotalPageFile size 35110M (AvailPageFile size 14517M)
current process WorkingSet (physical memory assigned to process): 93M, peak: 93M
current process commit charge ("private bytes"): 393M, peak: 396M

vm_info: Java HotSpot(TM) 64-Bit Server VM (24+36-3646) for windows-amd64 JRE (24+36-3646), built on 2025-02-06T00:20:43Z with MS VC++ 17.6 (VS2022)

END.
